Step: build-step-credential-initializer:

{"level":"warn","ts":1551651969.0890749,"logger":"fallback-logger","caller":"logging/config.go:65","msg":"Fetch GitHub commit ID from kodata failed: \"ref: refs/heads/test\" is not a valid GitHub commit ID"}
{"level":"info","ts":1551651969.0896537,"logger":"fallback-logger","caller":"creds-init/main.go:40","msg":"Credentials initialized."}
Step: build-step-git-source-0:

{"level":"warn","ts":1551651972.3925514,"logger":"fallback-logger","caller":"logging/config.go:65","msg":"Fetch GitHub commit ID from kodata failed: \"ref: refs/heads/test\" is not a valid GitHub commit ID"}
{"level":"info","ts":1551651976.132311,"logger":"fallback-logger","caller":"git-init/main.go:92","msg":"Successfully cloned \"https://github.com/hcsjxdemo/nodejstest.git\" @ \"master\" in path \"/workspace\""}
Step: build-step-jenkins:

Picked up _JAVA_OPTIONS: -Xmx400m
Started
Running in Durability level: PERFORMANCE_OPTIMIZED
  15.583 [id=21]	WARNING	i.f.k.c.i.VersionUsageUtils#alert: The client is using resource type 'customresourcedefinitions' with unstable version 'v1beta1'
[Pipeline] node
Running on Jenkins in /tmp/jenkinsTests.tmp/jenkins6760323807451121786test/workspace/job
[Pipeline] {
[Pipeline] stage
[Pipeline] { (Declarative: Checkout SCM)
[Pipeline] checkout
[Pipeline] }
[Pipeline] // stage
[Pipeline] withCredentials
[Pipeline] {
[Pipeline] withEnv
[Pipeline] {
[Pipeline] stage
[Pipeline] { (CI Build and push snapshot)
Stage "CI Build and push snapshot" skipped due to when conditional
[Pipeline] }
[Pipeline] // stage
[Pipeline] stage
[Pipeline] { (Build Release)
[Pipeline] git
 > git rev-parse --is-inside-work-tree # timeout=10
Fetching changes from the remote Git repository
 > git config remote.origin.url https://github.com/hcsjxdemo/nodejstest.git # timeout=10
Fetching upstream changes from https://github.com/hcsjxdemo/nodejstest.git
 > git --version # timeout=10
 > git fetch --tags --progress https://github.com/hcsjxdemo/nodejstest.git +refs/heads/*:refs/remotes/origin/*
 > git rev-parse refs/remotes/origin/master^{commit} # timeout=10
 > git rev-parse refs/remotes/origin/origin/master^{commit} # timeout=10
Checking out Revision 8123d28eedbbd179d8705bdf7318eccb66b34a54 (refs/remotes/origin/master)
 > git config core.sparsecheckout # timeout=10
 > git checkout -f 8123d28eedbbd179d8705bdf7318eccb66b34a54
 > git branch -a -v --no-abbrev # timeout=10
 > git branch -D master # timeout=10
 > git checkout -b master 8123d28eedbbd179d8705bdf7318eccb66b34a54
Commit message: "Draft create"
First time build. Skipping changelog.
[Pipeline] sh
+ jx-release-version
+ echo 0.0.1
[Pipeline] sh
+ cat VERSION
+ jx step tag --version 0.0.1
Tag v0.0.1 created and pushed to remote origin
[Pipeline] sh
+ npm install
npm notice created a lockfile as package-lock.json. You should commit this file.
npm WARN REPLACE_ME@1.0.0 No repository field.
npm WARN REPLACE_ME@1.0.0 No license field.

up to date in 0.059s
[Pipeline] sh
+ CI=true DISPLAY=:99 npm test

> REPLACE_ME@1.0.0 test /tmp/jenkinsTests.tmp/jenkins6760323807451121786test/workspace/job
> echo "no test specified" && exit 0

no test specified
[Pipeline] sh
+ cat VERSION
+ export VERSION=0.0.1
+ skaffold build -f skaffold.yaml
time="2019-03-03T22:28:45Z" level=warning msg="config version (skaffold/v1beta2) out of date: upgrading to latest (skaffold/v1beta3)"
Starting build...
Building [changeme]...
time="2019-03-03T22:28:45Z" level=warning msg="Error processing base image (node:9-slim) for ONBUILD triggers: getting remote config: getting image: Get https://index.docker.io/v2/: dial tcp: lookup index.docker.io on 10.96.0.10:53: server misbehaving. Dependencies may be incomplete."
Sending build context to Docker daemon  107.5kB
Step 1/6 : FROM node:9-slim
9-slim: Pulling from library/node
5bba3ecb4cd6: Pulling fs layer
196b8e3c919d: Pulling fs layer
7d083412657b: Pulling fs layer
a88538b9cd05: Pulling fs layer
e01bd28a434b: Pulling fs layer
a88538b9cd05: Waiting
e01bd28a434b: Waiting
196b8e3c919d: Verifying Checksum
196b8e3c919d: Download complete
7d083412657b: Verifying Checksum
7d083412657b: Download complete
e01bd28a434b: Download complete
a88538b9cd05: Verifying Checksum
a88538b9cd05: Download complete
5bba3ecb4cd6: Verifying Checksum
5bba3ecb4cd6: Download complete
5bba3ecb4cd6: Pull complete
196b8e3c919d: Pull complete
7d083412657b: Pull complete
a88538b9cd05: Pull complete
e01bd28a434b: Pull complete
Digest: sha256:288b29c1925d65b2d7d8701f8ada201e7dcd066438c0fb4299c35dff129b893f
Status: Downloaded newer image for node:9-slim
 ---> e20bb4abe4ee
Step 2/6 : ENV PORT 8080
 ---> Running in 7c440a9cf300
 ---> c7fdf4502e51
Step 3/6 : EXPOSE 8080
 ---> Running in 8ac2e62b9598
 ---> cf9dd8c59322
Step 4/6 : WORKDIR /usr/src/app
 ---> Running in 0dcc13bc9ffb
 ---> 430789005e25
Step 5/6 : COPY . .
 ---> f2078eea6659
Step 6/6 : CMD ["npm", "start"]
 ---> Running in 15a301ec09ed
 ---> 70f5f35dfd00
Successfully built 70f5f35dfd00
Successfully tagged 185279d1fe073c49364e5f1d1f4f4fd9:latest
The push refers to repository [10.101.146.130:5000/hcsjxdemo/nodejstest]
d7dccca14d2e: Preparing
bd5445cdf93f: Preparing
e16c226cf2a8: Preparing
7fd597d009e4: Preparing
7c6ab5fb7059: Preparing
ed271eac23e9: Preparing
156ff16f37e4: Preparing
ed271eac23e9: Waiting
156ff16f37e4: Waiting
bd5445cdf93f: Pushed
7c6ab5fb7059: Pushed
d7dccca14d2e: Pushed
ed271eac23e9: Pushed
e16c226cf2a8: Pushed
156ff16f37e4: Pushed
7fd597d009e4: Pushed
0.0.1: digest: sha256:e807fee2c7329ab1499f4fb0f95df51899204bb46e65a0a4eb77ac3ccaf5393a size: 1786
Build complete in 22.747037157s
Starting test...
Test complete in 19.147Âµs
changeme -> 10.101.146.130:5000/hcsjxdemo/nodejstest:0.0.1
[Pipeline] sh
+ cat VERSION
+ jx step post build --image 10.101.146.130:5000/hcsjxdemo/nodejstest:0.0.1
[Pipeline] }
[Pipeline] // stage
[Pipeline] stage
[Pipeline] { (Promote to Environments)
[Pipeline] dir
Running in /tmp/jenkinsTests.tmp/jenkins6760323807451121786test/workspace/job/charts/nodejstest
[Pipeline] {
[Pipeline] sh
+ cat ../../VERSION
+ jx step changelog --batch-mode --version v0.0.1
error: error unshallowing git repo in /tmp/jenkinsTests.tmp/jenkins6760323807451121786test/workspace/job/charts/nodejstest: running git fetch --unshallow /tmp/jenkinsTests.tmp/jenkins6760323807451121786test/workspace/job/charts/nodejstest: failed to run 'git fetch --unshallow' command in directory '/tmp/jenkinsTests.tmp/jenkins6760323807451121786test/workspace/job/charts/nodejstest', output: 'fatal: unable to access 'https://github.com/hcsjxdemo/nodejstest.git/': Could not resolve host: github.com'
[Pipeline] }
[Pipeline] // dir
[Pipeline] }
[Pipeline] // stage
[Pipeline] }
[Pipeline] // withEnv
[Pipeline] }
[Pipeline] // withCredentials
[Pipeline] }
[Pipeline] // node
[Pipeline] End of Pipeline
ERROR: script returned exit code 1
Finished: FAILURE
